[
  {
    "line": 2,
    "elements": [
      {
        "line": 3,
        "name": "User Login The Web Application",
        "description": "",
        "id": "hotel-booking-in-adactin-application;user-login-the-web-application",
        "type": "scenario",
        "keyword": "Scenario",
        "steps": [
          {
            "result": {
              "duration": 124747638200,
              "status": "passed"
            },
            "line": 4,
            "name": "user Launch The Adactin Application",
            "match": {
              "location": "Step_Definition.user_Launch_The_Adactin_Application()"
            },
            "keyword": "Given "
          },
          {
            "result": {
              "duration": 91848000,
              "error_message": "org.openqa.selenium.NoSuchElementException: no such element: Unable to locate element: {\"method\":\"xpath\",\"selector\":\"//input[@name\u003d\u0027username\u0027]\"}\n  (Session info: chrome\u003d105.0.5195.127)\nFor documentation on this error, please visit: https://www.seleniumhq.org/exceptions/no_such_element.html\nBuild info: version: \u00273.141.59\u0027, revision: \u0027e82be7d358\u0027, time: \u00272018-11-14T08:17:03\u0027\nSystem info: host: \u0027VIGNESHSEENIVAS\u0027, ip: \u0027192.168.0.120\u0027, os.name: \u0027Windows 11\u0027, os.arch: \u0027amd64\u0027, os.version: \u002710.0\u0027, java.version: \u002711.0.16\u0027\nDriver info: org.openqa.selenium.chrome.ChromeDriver\nCapabilities {acceptInsecureCerts: false, browserName: chrome, browserVersion: 105.0.5195.127, chrome: {chromedriverVersion: 105.0.5195.52 (412c95e51883..., userDataDir: C:\\Users\\VIGNESH\\AppData\\Lo...}, goog:chromeOptions: {debuggerAddress: localhost:49846}, javascriptEnabled: true, networkConnectionEnabled: false, pageLoadStrategy: normal, platform: WINDOWS, platformName: WINDOWS, proxy: Proxy(), setWindowRect: true, strictFileInteractability: false, timeouts: {implicit: 0, pageLoad: 300000, script: 30000}, unhandledPromptBehavior: dismiss and notify, webauthn:extension:credBlob: true, webauthn:extension:largeBlob: true, webauthn:virtualAuthenticators: true}\nSession ID: bf7a4df0544ed551f4149298de7b6e36\n*** Element info: {Using\u003dxpath, value\u003d//input[@name\u003d\u0027username\u0027]}\r\n\tat java.base/jdk.internal.reflect.NativeConstructorAccessorImpl.newInstance0(Native Method)\r\n\tat java.base/jdk.internal.reflect.NativeConstructorAccessorImpl.newInstance(NativeConstructorAccessorImpl.java:62)\r\n\tat java.base/jdk.internal.reflect.DelegatingConstructorAccessorImpl.newInstance(DelegatingConstructorAccessorImpl.java:45)\r\n\tat java.base/java.lang.reflect.Constructor.newInstance(Constructor.java:490)\r\n\tat org.openqa.selenium.remote.http.W3CHttpResponseCodec.createException(W3CHttpResponseCodec.java:187)\r\n\tat org.openqa.selenium.remote.http.W3CHttpResponseCodec.decode(W3CHttpResponseCodec.java:122)\r\n\tat org.openqa.selenium.remote.http.W3CHttpResponseCodec.decode(W3CHttpResponseCodec.java:49)\r\n\tat org.openqa.selenium.remote.HttpCommandExecutor.execute(HttpCommandExecutor.java:158)\r\n\tat org.openqa.selenium.remote.service.DriverCommandExecutor.execute(DriverCommandExecutor.java:83)\r\n\tat org.openqa.selenium.remote.RemoteWebDriver.execute(RemoteWebDriver.java:552)\r\n\tat org.openqa.selenium.remote.RemoteWebDriver.findElement(RemoteWebDriver.java:323)\r\n\tat org.openqa.selenium.remote.RemoteWebDriver.findElementByXPath(RemoteWebDriver.java:428)\r\n\tat org.openqa.selenium.By$ByXPath.findElement(By.java:353)\r\n\tat org.openqa.selenium.remote.RemoteWebDriver.findElement(RemoteWebDriver.java:315)\r\n\tat com.adactin.stepdefenition.Step_Definition.user_Enter_The_Username_In_Username_Field(Step_Definition.java:33)\r\n\tat ✽.When user Enter The Username In Username Field(Adactin.feature:5)\r\n",
              "status": "failed"
            },
            "line": 5,
            "name": "user Enter The Username In Username Field",
            "match": {
              "location": "Step_Definition.user_Enter_The_Username_In_Username_Field()"
            },
            "keyword": "When "
          },
          {
            "result": {
              "status": "skipped"
            },
            "line": 6,
            "name": "user Enter The Password In Password Field",
            "match": {
              "location": "Step_Definition.user_Enter_The_Password_In_Password_Field()"
            },
            "keyword": "And "
          },
          {
            "result": {
              "status": "skipped"
            },
            "line": 7,
            "name": "user Click The Login Button And It Navigates To Search Hotel Page",
            "match": {
              "location": "Step_Definition.user_Click_The_Login_Button_And_It_Navigates_To_Search_Hotel_Page()"
            },
            "keyword": "Then "
          }
        ]
      },
      {
        "line": 9,
        "name": "User Search The Hotel",
        "description": "",
        "id": "hotel-booking-in-adactin-application;user-search-the-hotel",
        "type": "scenario",
        "keyword": "Scenario",
        "steps": [
          {
            "result": {
              "duration": 36451500,
              "error_message": "org.openqa.selenium.NoSuchElementException: no such element: Unable to locate element: {\"method\":\"xpath\",\"selector\":\"//select[@name\u003d\u0027location\u0027]\"}\n  (Session info: chrome\u003d105.0.5195.127)\nFor documentation on this error, please visit: https://www.seleniumhq.org/exceptions/no_such_element.html\nBuild info: version: \u00273.141.59\u0027, revision: \u0027e82be7d358\u0027, time: \u00272018-11-14T08:17:03\u0027\nSystem info: host: \u0027VIGNESHSEENIVAS\u0027, ip: \u0027192.168.0.120\u0027, os.name: \u0027Windows 11\u0027, os.arch: \u0027amd64\u0027, os.version: \u002710.0\u0027, java.version: \u002711.0.16\u0027\nDriver info: org.openqa.selenium.chrome.ChromeDriver\nCapabilities {acceptInsecureCerts: false, browserName: chrome, browserVersion: 105.0.5195.127, chrome: {chromedriverVersion: 105.0.5195.52 (412c95e51883..., userDataDir: C:\\Users\\VIGNESH\\AppData\\Lo...}, goog:chromeOptions: {debuggerAddress: localhost:49846}, javascriptEnabled: true, networkConnectionEnabled: false, pageLoadStrategy: normal, platform: WINDOWS, platformName: WINDOWS, proxy: Proxy(), setWindowRect: true, strictFileInteractability: false, timeouts: {implicit: 0, pageLoad: 300000, script: 30000}, unhandledPromptBehavior: dismiss and notify, webauthn:extension:credBlob: true, webauthn:extension:largeBlob: true, webauthn:virtualAuthenticators: true}\nSession ID: bf7a4df0544ed551f4149298de7b6e36\n*** Element info: {Using\u003dxpath, value\u003d//select[@name\u003d\u0027location\u0027]}\r\n\tat java.base/jdk.internal.reflect.NativeConstructorAccessorImpl.newInstance0(Native Method)\r\n\tat java.base/jdk.internal.reflect.NativeConstructorAccessorImpl.newInstance(NativeConstructorAccessorImpl.java:62)\r\n\tat java.base/jdk.internal.reflect.DelegatingConstructorAccessorImpl.newInstance(DelegatingConstructorAccessorImpl.java:45)\r\n\tat java.base/java.lang.reflect.Constructor.newInstance(Constructor.java:490)\r\n\tat org.openqa.selenium.remote.http.W3CHttpResponseCodec.createException(W3CHttpResponseCodec.java:187)\r\n\tat org.openqa.selenium.remote.http.W3CHttpResponseCodec.decode(W3CHttpResponseCodec.java:122)\r\n\tat org.openqa.selenium.remote.http.W3CHttpResponseCodec.decode(W3CHttpResponseCodec.java:49)\r\n\tat org.openqa.selenium.remote.HttpCommandExecutor.execute(HttpCommandExecutor.java:158)\r\n\tat org.openqa.selenium.remote.service.DriverCommandExecutor.execute(DriverCommandExecutor.java:83)\r\n\tat org.openqa.selenium.remote.RemoteWebDriver.execute(RemoteWebDriver.java:552)\r\n\tat org.openqa.selenium.remote.RemoteWebDriver.findElement(RemoteWebDriver.java:323)\r\n\tat org.openqa.selenium.remote.RemoteWebDriver.findElementByXPath(RemoteWebDriver.java:428)\r\n\tat org.openqa.selenium.By$ByXPath.findElement(By.java:353)\r\n\tat org.openqa.selenium.remote.RemoteWebDriver.findElement(RemoteWebDriver.java:315)\r\n\tat com.adactin.stepdefenition.Step_Definition.user_Needs_To_Select_The_Location_Of_Their_Chioce(Step_Definition.java:51)\r\n\tat ✽.When user Needs To Select The Location Of Their Chioce(Adactin.feature:10)\r\n",
              "status": "failed"
            },
            "line": 10,
            "name": "user Needs To Select The Location Of Their Chioce",
            "match": {
              "location": "Step_Definition.user_Needs_To_Select_The_Location_Of_Their_Chioce()"
            },
            "keyword": "When "
          },
          {
            "result": {
              "status": "skipped"
            },
            "line": 11,
            "name": "user Needs TO Select The Hotel Of Their Choice",
            "match": {
              "location": "Step_Definition.user_Needs_TO_Select_The_Hotel_Of_Their_Choice()"
            },
            "keyword": "And "
          },
          {
            "result": {
              "status": "skipped"
            },
            "line": 12,
            "name": "user Selects The Room Type",
            "match": {
              "location": "Step_Definition.user_Selects_The_Room_Type()"
            },
            "keyword": "And "
          },
          {
            "result": {
              "status": "skipped"
            },
            "line": 13,
            "name": "user Select The Total Number Of Rooms To Be Booked",
            "match": {
              "location": "Step_Definition.user_Select_The_Total_Number_Of_Rooms_To_Be_Booked()"
            },
            "keyword": "And "
          },
          {
            "result": {
              "status": "skipped"
            },
            "line": 14,
            "name": "user Selects The Checkin Date",
            "match": {
              "location": "Step_Definition.user_Selects_The_Checkin_Date()"
            },
            "keyword": "And "
          },
          {
            "result": {
              "status": "skipped"
            },
            "line": 15,
            "name": "user Selects The Checkout Date",
            "match": {
              "location": "Step_Definition.user_Selects_The_Checkout_Date()"
            },
            "keyword": "And "
          },
          {
            "result": {
              "status": "skipped"
            },
            "line": 16,
            "name": "user Selects The Number Of Adults Per Room",
            "match": {
              "location": "Step_Definition.user_Selects_The_Number_Of_Adults_Per_Room()"
            },
            "keyword": "And "
          },
          {
            "result": {
              "status": "skipped"
            },
            "line": 17,
            "name": "user Selects The Number Of Childrens Per Room",
            "match": {
              "location": "Step_Definition.user_Selects_The_Number_Of_Childrens_Per_Room()"
            },
            "keyword": "And "
          },
          {
            "result": {
              "status": "skipped"
            },
            "line": 18,
            "name": "user Click The Search Button And It Navigates To Select Hotel Page",
            "match": {
              "location": "Step_Definition.user_Click_The_Search_Button_And_It_Navigates_To_Select_Hotel_Page()"
            },
            "keyword": "Then "
          }
        ],
        "tags": [
          {
            "line": 8,
            "name": "@RegressionTest"
          }
        ]
      },
      {
        "line": 20,
        "name": "User Confirming The Details Given",
        "description": "",
        "id": "hotel-booking-in-adactin-application;user-confirming-the-details-given",
        "type": "scenario",
        "keyword": "Scenario",
        "steps": [
          {
            "result": {
              "duration": 41094700,
              "error_message": "org.openqa.selenium.NoSuchElementException: no such element: Unable to locate element: {\"method\":\"xpath\",\"selector\":\"//input[@name\u003d\u0027radiobutton_0\u0027]\"}\n  (Session info: chrome\u003d105.0.5195.127)\nFor documentation on this error, please visit: https://www.seleniumhq.org/exceptions/no_such_element.html\nBuild info: version: \u00273.141.59\u0027, revision: \u0027e82be7d358\u0027, time: \u00272018-11-14T08:17:03\u0027\nSystem info: host: \u0027VIGNESHSEENIVAS\u0027, ip: \u0027192.168.0.120\u0027, os.name: \u0027Windows 11\u0027, os.arch: \u0027amd64\u0027, os.version: \u002710.0\u0027, java.version: \u002711.0.16\u0027\nDriver info: org.openqa.selenium.chrome.ChromeDriver\nCapabilities {acceptInsecureCerts: false, browserName: chrome, browserVersion: 105.0.5195.127, chrome: {chromedriverVersion: 105.0.5195.52 (412c95e51883..., userDataDir: C:\\Users\\VIGNESH\\AppData\\Lo...}, goog:chromeOptions: {debuggerAddress: localhost:49846}, javascriptEnabled: true, networkConnectionEnabled: false, pageLoadStrategy: normal, platform: WINDOWS, platformName: WINDOWS, proxy: Proxy(), setWindowRect: true, strictFileInteractability: false, timeouts: {implicit: 0, pageLoad: 300000, script: 30000}, unhandledPromptBehavior: dismiss and notify, webauthn:extension:credBlob: true, webauthn:extension:largeBlob: true, webauthn:virtualAuthenticators: true}\nSession ID: bf7a4df0544ed551f4149298de7b6e36\n*** Element info: {Using\u003dxpath, value\u003d//input[@name\u003d\u0027radiobutton_0\u0027]}\r\n\tat java.base/jdk.internal.reflect.NativeConstructorAccessorImpl.newInstance0(Native Method)\r\n\tat java.base/jdk.internal.reflect.NativeConstructorAccessorImpl.newInstance(NativeConstructorAccessorImpl.java:62)\r\n\tat java.base/jdk.internal.reflect.DelegatingConstructorAccessorImpl.newInstance(DelegatingConstructorAccessorImpl.java:45)\r\n\tat java.base/java.lang.reflect.Constructor.newInstance(Constructor.java:490)\r\n\tat org.openqa.selenium.remote.http.W3CHttpResponseCodec.createException(W3CHttpResponseCodec.java:187)\r\n\tat org.openqa.selenium.remote.http.W3CHttpResponseCodec.decode(W3CHttpResponseCodec.java:122)\r\n\tat org.openqa.selenium.remote.http.W3CHttpResponseCodec.decode(W3CHttpResponseCodec.java:49)\r\n\tat org.openqa.selenium.remote.HttpCommandExecutor.execute(HttpCommandExecutor.java:158)\r\n\tat org.openqa.selenium.remote.service.DriverCommandExecutor.execute(DriverCommandExecutor.java:83)\r\n\tat org.openqa.selenium.remote.RemoteWebDriver.execute(RemoteWebDriver.java:552)\r\n\tat org.openqa.selenium.remote.RemoteWebDriver.findElement(RemoteWebDriver.java:323)\r\n\tat org.openqa.selenium.remote.RemoteWebDriver.findElementByXPath(RemoteWebDriver.java:428)\r\n\tat org.openqa.selenium.By$ByXPath.findElement(By.java:353)\r\n\tat org.openqa.selenium.remote.RemoteWebDriver.findElement(RemoteWebDriver.java:315)\r\n\tat com.adactin.stepdefenition.Step_Definition.user_Click_The_Radio_Button_By_Confirming_The_Details(Step_Definition.java:120)\r\n\tat ✽.When user Click The Radio Button By Confirming The Details(Adactin.feature:21)\r\n",
              "status": "failed"
            },
            "line": 21,
            "name": "user Click The Radio Button By Confirming The Details",
            "match": {
              "location": "Step_Definition.user_Click_The_Radio_Button_By_Confirming_The_Details()"
            },
            "keyword": "When "
          },
          {
            "result": {
              "status": "skipped"
            },
            "line": 22,
            "name": "user Click The Continue Button And It Navigates To Book A Hotel Page",
            "match": {
              "location": "Step_Definition.user_Click_The_Continue_Button_And_It_Navigates_To_Book_A_Hotel_Page()"
            },
            "keyword": "Then "
          }
        ],
        "tags": [
          {
            "line": 19,
            "name": "@RegressionTest"
          }
        ]
      },
      {
        "line": 24,
        "name": "User Books The Hotel",
        "description": "",
        "id": "hotel-booking-in-adactin-application;user-books-the-hotel",
        "type": "scenario",
        "keyword": "Scenario",
        "steps": [
          {
            "result": {
              "duration": 30807800,
              "error_message": "org.openqa.selenium.NoSuchElementException: no such element: Unable to locate element: {\"method\":\"xpath\",\"selector\":\"//input[@id\u003d\u0027first_name\u0027]\"}\n  (Session info: chrome\u003d105.0.5195.127)\nFor documentation on this error, please visit: https://www.seleniumhq.org/exceptions/no_such_element.html\nBuild info: version: \u00273.141.59\u0027, revision: \u0027e82be7d358\u0027, time: \u00272018-11-14T08:17:03\u0027\nSystem info: host: \u0027VIGNESHSEENIVAS\u0027, ip: \u0027192.168.0.120\u0027, os.name: \u0027Windows 11\u0027, os.arch: \u0027amd64\u0027, os.version: \u002710.0\u0027, java.version: \u002711.0.16\u0027\nDriver info: org.openqa.selenium.chrome.ChromeDriver\nCapabilities {acceptInsecureCerts: false, browserName: chrome, browserVersion: 105.0.5195.127, chrome: {chromedriverVersion: 105.0.5195.52 (412c95e51883..., userDataDir: C:\\Users\\VIGNESH\\AppData\\Lo...}, goog:chromeOptions: {debuggerAddress: localhost:49846}, javascriptEnabled: true, networkConnectionEnabled: false, pageLoadStrategy: normal, platform: WINDOWS, platformName: WINDOWS, proxy: Proxy(), setWindowRect: true, strictFileInteractability: false, timeouts: {implicit: 0, pageLoad: 300000, script: 30000}, unhandledPromptBehavior: dismiss and notify, webauthn:extension:credBlob: true, webauthn:extension:largeBlob: true, webauthn:virtualAuthenticators: true}\nSession ID: bf7a4df0544ed551f4149298de7b6e36\n*** Element info: {Using\u003dxpath, value\u003d//input[@id\u003d\u0027first_name\u0027]}\r\n\tat java.base/jdk.internal.reflect.NativeConstructorAccessorImpl.newInstance0(Native Method)\r\n\tat java.base/jdk.internal.reflect.NativeConstructorAccessorImpl.newInstance(NativeConstructorAccessorImpl.java:62)\r\n\tat java.base/jdk.internal.reflect.DelegatingConstructorAccessorImpl.newInstance(DelegatingConstructorAccessorImpl.java:45)\r\n\tat java.base/java.lang.reflect.Constructor.newInstance(Constructor.java:490)\r\n\tat org.openqa.selenium.remote.http.W3CHttpResponseCodec.createException(W3CHttpResponseCodec.java:187)\r\n\tat org.openqa.selenium.remote.http.W3CHttpResponseCodec.decode(W3CHttpResponseCodec.java:122)\r\n\tat org.openqa.selenium.remote.http.W3CHttpResponseCodec.decode(W3CHttpResponseCodec.java:49)\r\n\tat org.openqa.selenium.remote.HttpCommandExecutor.execute(HttpCommandExecutor.java:158)\r\n\tat org.openqa.selenium.remote.service.DriverCommandExecutor.execute(DriverCommandExecutor.java:83)\r\n\tat org.openqa.selenium.remote.RemoteWebDriver.execute(RemoteWebDriver.java:552)\r\n\tat org.openqa.selenium.remote.RemoteWebDriver.findElement(RemoteWebDriver.java:323)\r\n\tat org.openqa.selenium.remote.RemoteWebDriver.findElementByXPath(RemoteWebDriver.java:428)\r\n\tat org.openqa.selenium.By$ByXPath.findElement(By.java:353)\r\n\tat org.openqa.selenium.remote.RemoteWebDriver.findElement(RemoteWebDriver.java:315)\r\n\tat com.adactin.stepdefenition.Step_Definition.user_Needs_To_Fill_The_First_Name_In_The_Text_Field(Step_Definition.java:131)\r\n\tat ✽.When user Needs To Fill The First Name In The Text Field(Adactin.feature:25)\r\n",
              "status": "failed"
            },
            "line": 25,
            "name": "user Needs To Fill The First Name In The Text Field",
            "match": {
              "location": "Step_Definition.user_Needs_To_Fill_The_First_Name_In_The_Text_Field()"
            },
            "keyword": "When "
          },
          {
            "result": {
              "status": "skipped"
            },
            "line": 26,
            "name": "user Needs To Fill The Last Name In The Text Field",
            "match": {
              "location": "Step_Definition.user_Needs_To_Fill_The_Last_Name_In_The_Text_Field()"
            },
            "keyword": "And "
          },
          {
            "result": {
              "status": "skipped"
            },
            "line": 27,
            "name": "user Needs To Fill The Billing Address Of Their Respective Location",
            "match": {
              "location": "Step_Definition.user_Needs_To_Fill_The_Billing_Address_Of_Their_Respective_Location()"
            },
            "keyword": "And "
          },
          {
            "result": {
              "status": "skipped"
            },
            "line": 28,
            "name": "user Needs To Enter The Credit Card Number",
            "match": {
              "location": "Step_Definition.user_Needs_To_Enter_The_Credit_Card_Number()"
            },
            "keyword": "And "
          },
          {
            "result": {
              "status": "skipped"
            },
            "line": 29,
            "name": "user Needs To Select The Type Of Credit Card They Have",
            "match": {
              "location": "Step_Definition.user_Needs_To_Select_The_Type_Of_Credit_Card_They_Have()"
            },
            "keyword": "And "
          },
          {
            "result": {
              "status": "skipped"
            },
            "line": 30,
            "name": "user Needs To Fill The Expiry Date Of Their Card In Respective Field",
            "match": {
              "location": "Step_Definition.user_Needs_To_Fill_The_Expiry_Date_Of_Their_Card_In_Respective_Field()"
            },
            "keyword": "And "
          },
          {
            "result": {
              "status": "skipped"
            },
            "line": 31,
            "name": "user Needs to Enter Their Cvv Number In The Card",
            "match": {
              "location": "Step_Definition.user_Needs_to_Enter_Their_Cvv_Number_In_The_Card()"
            },
            "keyword": "And "
          },
          {
            "result": {
              "status": "skipped"
            },
            "line": 32,
            "name": "user Click The Book Button And It Navigates To Booking Confirmation Page",
            "match": {
              "location": "Step_Definition.user_Click_The_Book_Button_And_It_Navigates_To_Booking_Confirmation_Page()"
            },
            "keyword": "Then "
          }
        ],
        "tags": [
          {
            "line": 23,
            "name": "@RegressionTest"
          }
        ]
      },
      {
        "line": 34,
        "name": "User Gets The Booking Confirmation Page",
        "description": "",
        "id": "hotel-booking-in-adactin-application;user-gets-the-booking-confirmation-page",
        "type": "scenario",
        "keyword": "Scenario",
        "steps": [
          {
            "result": {
              "duration": 9357031700,
              "error_message": "org.openqa.selenium.NoSuchElementException: Cannot locate an element using id\u003dlogout\nFor documentation on this error, please visit: https://www.seleniumhq.org/exceptions/no_such_element.html\nBuild info: version: \u00273.141.59\u0027, revision: \u0027e82be7d358\u0027, time: \u00272018-11-14T08:17:03\u0027\nSystem info: host: \u0027VIGNESHSEENIVAS\u0027, ip: \u0027192.168.0.120\u0027, os.name: \u0027Windows 11\u0027, os.arch: \u0027amd64\u0027, os.version: \u002710.0\u0027, java.version: \u002711.0.16\u0027\nDriver info: driver.version: RemoteWebDriver\r\n\tat org.openqa.selenium.remote.RemoteWebDriver.findElement(RemoteWebDriver.java:327)\r\n\tat org.openqa.selenium.remote.RemoteWebDriver.findElementById(RemoteWebDriver.java:372)\r\n\tat org.openqa.selenium.By$ById.findElement(By.java:188)\r\n\tat org.openqa.selenium.remote.RemoteWebDriver.findElement(RemoteWebDriver.java:315)\r\n\tat com.adactin.stepdefenition.Step_Definition.user_On_Clicking_The_Logoutbutton_It_Sucessfully_Logouts_From_The_Application(Step_Definition.java:189)\r\n\tat ✽.Then user On Clicking The Logoutbutton It Sucessfully Logouts From The Application(Adactin.feature:35)\r\n",
              "status": "failed"
            },
            "line": 35,
            "name": "user On Clicking The Logoutbutton It Sucessfully Logouts From The Application",
            "match": {
              "location": "Step_Definition.user_On_Clicking_The_Logoutbutton_It_Sucessfully_Logouts_From_The_Application()"
            },
            "keyword": "Then "
          }
        ],
        "tags": [
          {
            "line": 33,
            "name": "@RegressionTest"
          }
        ]
      }
    ],
    "name": "Hotel Booking In Adactin Application",
    "description": "",
    "id": "hotel-booking-in-adactin-application",
    "keyword": "Feature",
    "uri": "Adactin.feature",
    "tags": [
      {
        "line": 1,
        "name": "@RegressionTest"
      }
    ]
  }
]